[03:04:40] [main/INFO]: Loading Minecraft 1.20.1 with Fabric Loader 0.18.2
[03:04:40] [ForkJoinPool-1-worker-1/WARN]: Mod usefulbackpacks uses the version ${version} which isn't compatible with Loader's extended semantic version format (Could not parse version number component '${version}'!), SemVer is recommended for reliably evaluating dependencies and prioritizing newer version
[03:04:40] [main/INFO]: Loading 81 mods:
	- balm 7.3.38
	   \-- kuma_api 20.1.12
	- cardinal-components 5.2.3
	   |-- cardinal-components-base 5.2.3
	   |-- cardinal-components-block 5.2.3
	   |-- cardinal-components-chunk 5.2.3
	   |-- cardinal-components-entity 5.2.3
	   |-- cardinal-components-item 5.2.3
	   |-- cardinal-components-level 5.2.3
	   |-- cardinal-components-scoreboard 5.2.3
	   \-- cardinal-components-world 5.2.3
	- cloth-config 11.1.136
	   \-- cloth-basic-math 0.6.1
	- collective 8.13
	- essential_commands 0.35.3-mc1.20.1
	   |-- ec-core 1.3.0-mc1.20.1
	   |    |-- fabric-permissions-api-v0 0.2-SNAPSHOT
	   |    |-- placeholder-api 2.1.1+1.20
	   |    \-- playerabilitylib 1.8.0
	   |-- fabric-permissions-api-v0 0.2-SNAPSHOT
	   |-- org_yaml_snakeyaml 2.0
	   |-- placeholder-api 2.1.1+1.20
	   \-- playerabilitylib 1.8.0
	- fabric-api 0.92.7+1.20.1
	   |-- fabric-api-base 0.4.32+1802ada577
	   |-- fabric-api-lookup-api-v1 1.6.37+1802ada577
	   |-- fabric-biome-api-v1 13.0.15+93aa238b77
	   |-- fabric-block-api-v1 1.0.12+1802ada577
	   |-- fabric-block-view-api-v2 1.0.3+924f046a77
	   |-- fabric-blockrenderlayer-v1 1.1.42+1802ada577
	   |-- fabric-client-tags-api-v1 1.1.3+1802ada577
	   |-- fabric-command-api-v1 1.2.35+f71b366f77
	   |-- fabric-command-api-v2 2.2.14+1802ada577
	   |-- fabric-commands-v0 0.2.52+df3654b377
	   |-- fabric-containers-v0 0.1.67+df3654b377
	   |-- fabric-content-registries-v0 4.0.13+1802ada577
	   |-- fabric-convention-tags-v1 1.5.6+1802ada577
	   |-- fabric-crash-report-info-v1 0.2.20+1802ada577
	   |-- fabric-data-attachment-api-v1 1.0.2+de0fd6d177
	   |-- fabric-data-generation-api-v1 12.3.7+1802ada577
	   |-- fabric-dimensions-v1 2.1.55+1802ada577
	   |-- fabric-entity-events-v1 1.6.1+1c78457f77
	   |-- fabric-events-interaction-v0 0.6.5+13a40c6677
	   |-- fabric-events-lifecycle-v0 0.2.64+df3654b377
	   |-- fabric-game-rule-api-v1 1.0.41+1802ada577
	   |-- fabric-item-api-v1 2.1.29+1802ada577
	   |-- fabric-item-group-api-v1 4.0.14+1802ada577
	   |-- fabric-key-binding-api-v1 1.0.38+1802ada577
	   |-- fabric-keybindings-v0 0.2.36+df3654b377
	   |-- fabric-lifecycle-events-v1 2.2.23+1802ada577
	   |-- fabric-loot-api-v2 1.2.3+1802ada577
	   |-- fabric-loot-tables-v1 1.1.47+9e7660c677
	   |-- fabric-message-api-v1 5.1.10+1802ada577
	   |-- fabric-mining-level-api-v1 2.1.52+1802ada577
	   |-- fabric-model-loading-api-v1 1.0.4+1802ada577
	   |-- fabric-models-v0 0.4.3+9386d8a777
	   |-- fabric-networking-api-v1 1.3.14+a158aa0477
	   |-- fabric-networking-v0 0.3.54+df3654b377
	   |-- fabric-object-builder-api-v1 11.1.5+e35120df77
	   |-- fabric-particles-v1 1.1.3+1802ada577
	   |-- fabric-recipe-api-v1 1.0.24+1802ada577
	   |-- fabric-registry-sync-v0 2.3.6+1802ada577
	   |-- fabric-renderer-api-v1 3.2.2+1802ada577
	   |-- fabric-renderer-indigo 1.5.3+85287f9f77
	   |-- fabric-renderer-registries-v1 3.2.47+df3654b377
	   |-- fabric-rendering-data-attachment-v1 0.3.39+92a0d36777
	   |-- fabric-rendering-fluids-v1 3.0.29+1802ada577
	   |-- fabric-rendering-v0 1.1.50+df3654b377
	   |-- fabric-rendering-v1 3.0.9+1802ada577
	   |-- fabric-resource-conditions-api-v1 2.3.9+1802ada577
	   |-- fabric-resource-loader-v0 0.11.12+fb82e9d777
	   |-- fabric-screen-api-v1 2.0.9+1802ada577
	   |-- fabric-screen-handler-api-v1 1.3.33+1802ada577
	   |-- fabric-sound-api-v1 1.0.14+1802ada577
	   |-- fabric-transfer-api-v1 3.3.6+8dd72ea377
	   \-- fabric-transitive-access-wideners-v1 4.3.2+1802ada577
	- fabricloader 0.18.2
	   \-- mixinextras 0.5.0
	- fallingtree 4.3.4
	- forgeconfigapiport 8.0.3
	- infinitetrading 4.6
	- java 17
	- jei 15.20.0.129
	- minecraft 1.20.1
	- tacz 1.0.2-hotfix3
	   |-- com_github_286799714_luaj_luaj-core 3.0.3
	   |-- com_github_286799714_luaj_luaj-jse 3.0.3
	   |-- controlling 12.0.2
	   |-- mkb 1.2.0
	   |-- org_apache_commons_commons-math3 3.6.1
	   |-- porting_lib_core 2.3.4+1.20.1
	   |-- porting_lib_entity 2.3.4+1.20.1
	   |    \-- porting_lib_mixin_extensions 2.3.4+1.20.1
	   |-- porting_lib_tags 3.0
	   \-- searchables 1.0.3
	- travelersbackpack 9.1.51
	   \-- reach-entity-attributes 2.4.0
	- usefulbackpacks ${version}
	- uteamcore 5.1.4.382
	- waystones 14.1.20
[03:04:40] [main/INFO]: SpongePowered MIXIN Subsystem Version=0.8.7 Source=file:/workspaces/cuddly-meme/servidor_minecraft/libraries/net/fabricmc/sponge-mixin/0.16.5+mixin.0.8.7/sponge-mixin-0.16.5+mixin.0.8.7.jar Service=Knot/Fabric Env=SERVER
[03:04:40] [main/INFO]: Compatibility level set to JAVA_17
[03:04:41] [main/WARN]: Error loading class: net/minecraft/class_635 (java.lang.ClassNotFoundException: net/minecraft/class_635)
[03:04:41] [main/WARN]: @Mixin target net.minecraft.class_635 was not found tacz.mixins.json:client.network.ClientLoginNetworkHandlerAccessor from mod tacz
[03:04:41] [main/WARN]: Error loading class: net/minecraft/class_970 (java.lang.ClassNotFoundException: net/minecraft/class_970)
[03:04:41] [main/WARN]: @Mixin target net.minecraft.class_970 was not found uteamcore.mixins.json:HumanoidArmorLayerMixin from mod uteamcore
[03:04:41] [main/WARN]: Error loading class: net/minecraft/class_634 (java.lang.ClassNotFoundException: net/minecraft/class_634)
[03:04:41] [main/WARN]: @Mixin target net.minecraft.class_634 was not found uteamcore.mixins.json:ClientPacketListenerMixin from mod uteamcore
[03:04:41] [main/WARN]: Error loading class: net/minecraft/class_310 (java.lang.ClassNotFoundException: net/minecraft/class_310)
[03:04:41] [main/WARN]: @Mixin target net.minecraft.class_310 was not found uteamcore.mixins.json:MinecraftMixin from mod uteamcore
[03:04:41] [main/WARN]: Error loading class: net/minecraft/class_309 (java.lang.ClassNotFoundException: net/minecraft/class_309)
[03:04:41] [main/WARN]: @Mixin target net.minecraft.class_309 was not found uteamcore.mixins.json:KeyboardHandlerMixin from mod uteamcore
[03:04:41] [main/WARN]: Error loading class: net/minecraft/class_465 (java.lang.ClassNotFoundException: net/minecraft/class_465)
[03:04:41] [main/WARN]: Error loading class: net/minecraft/class_465 (java.lang.ClassNotFoundException: net/minecraft/class_465)
[03:04:41] [main/ERROR]: uteamcore.mixins.json:UContainerMenuScreenMixin from mod uteamcore: Super class 'net.minecraft.class_465' of UContainerMenuScreenMixin was not found in the hierarchy of target class 'info/u_team/u_team_core/screen/UContainerMenuScreen'
org.spongepowered.asm.mixin.transformer.throwables.InvalidMixinException: Super class 'net.minecraft.class_465' of UContainerMenuScreenMixin was not found in the hierarchy of target class 'info/u_team/u_team_core/screen/UContainerMenuScreen'
	at org.spongepowered.asm.mixin.transformer.MixinInfo$SubType$Standard.validate(MixinInfo.java:593) ~[sponge-mixin-0.16.5+mixin.0.8.7.jar:0.16.5+mixin.0.8.7]
	at org.spongepowered.asm.mixin.transformer.MixinInfo$State.validate(MixinInfo.java:327) ~[sponge-mixin-0.16.5+mixin.0.8.7.jar:0.16.5+mixin.0.8.7]
	at org.spongepowered.asm.mixin.transformer.MixinInfo.validate(MixinInfo.java:913) ~[sponge-mixin-0.16.5+mixin.0.8.7.jar:0.16.5+mixin.0.8.7]
	at org.spongepowered.asm.mixin.transformer.MixinConfig.postInitialise(MixinConfig.java:884) ~[sponge-mixin-0.16.5+mixin.0.8.7.jar:0.16.5+mixin.0.8.7]
	at org.spongepowered.asm.mixin.transformer.MixinProcessor.prepareConfigs(MixinProcessor.java:616) ~[sponge-mixin-0.16.5+mixin.0.8.7.jar:0.16.5+mixin.0.8.7]
	at org.spongepowered.asm.mixin.transformer.MixinProcessor.select(MixinProcessor.java:510) ~[sponge-mixin-0.16.5+mixin.0.8.7.jar:0.16.5+mixin.0.8.7]
	at org.spongepowered.asm.mixin.transformer.MixinProcessor.checkSelect(MixinProcessor.java:486) ~[sponge-mixin-0.16.5+mixin.0.8.7.jar:0.16.5+mixin.0.8.7]
	at org.spongepowered.asm.mixin.transformer.MixinProcessor.lockAndSelect(MixinProcessor.java:438) ~[sponge-mixin-0.16.5+mixin.0.8.7.jar:0.16.5+mixin.0.8.7]
	at org.spongepowered.asm.mixin.transformer.MixinProcessor.couldTransformClass(MixinProcessor.java:398) ~[sponge-mixin-0.16.5+mixin.0.8.7.jar:0.16.5+mixin.0.8.7]
	at org.spongepowered.asm.mixin.transformer.MixinTransformer.couldTransformClass(MixinTransformer.java:265) ~[sponge-mixin-0.16.5+mixin.0.8.7.jar:0.16.5+mixin.0.8.7]
	at org.spongepowered.asm.mixin.transformer.MixinTransformer.transformClass(MixinTransformer.java:233) ~[sponge-mixin-0.16.5+mixin.0.8.7.jar:0.16.5+mixin.0.8.7]
	at org.spongepowered.asm.mixin.transformer.MixinTransformer.transformClassBytes(MixinTransformer.java:202) ~[sponge-mixin-0.16.5+mixin.0.8.7.jar:0.16.5+mixin.0.8.7]
	at net.fabricmc.loader.impl.launch.knot.KnotClassDelegate.getPostMixinClassByteArray(KnotClassDelegate.java:435) ~[fabric-loader-0.18.2.jar:?]
	at net.fabricmc.loader.impl.launch.knot.KnotClassDelegate.tryLoadClass(KnotClassDelegate.java:336) ~[fabric-loader-0.18.2.jar:?]
	at net.fabricmc.loader.impl.launch.knot.KnotClassDelegate.loadClass(KnotClassDelegate.java:231) ~[fabric-loader-0.18.2.jar:?]
	at net.fabricmc.loader.impl.launch.knot.KnotClassLoader.loadClass(KnotClassLoader.java:119) ~[fabric-loader-0.18.2.jar:?]
	at java.lang.ClassLoader.loadClass(ClassLoader.java:525) ~[?:?]
	at net.fabricmc.loader.impl.game.minecraft.MinecraftGameProvider.launch(MinecraftGameProvider.java:507) ~[fabric-loader-0.18.2.jar:?]
	at net.fabricmc.loader.impl.launch.knot.Knot.launch(Knot.java:72) ~[fabric-loader-0.18.2.jar:?]
	at net.fabricmc.loader.impl.launch.knot.KnotServer.main(KnotServer.java:23) ~[fabric-loader-0.18.2.jar:?]
	at net.fabricmc.loader.impl.launch.server.FabricServerLauncher.main(FabricServerLauncher.java:69) ~[fabric-loader-0.18.2.jar:?]
	at net.fabricmc.installer.ServerLauncher.main(ServerLauncher.java:69) ~[fabric-server-launch.jar:1.0.1]
[03:04:41] [main/INFO]: Initializing MixinExtras via com.llamalad7.mixinextras.service.MixinExtrasServiceImpl(version=0.5.0).
[03:04:43] [main/WARN]: @Inject(@At("INVOKE")) Shift.BY=2 on porting_lib_entity.mixins.json:common.LivingEntityMixin from mod porting_lib_entity::handler$zoh000$porting_lib_entity$port_lib$onFinishUsing exceeds the maximum allowed value: 0. Increase the value of maxShiftBy to suppress this warning.
[03:04:48] [main/INFO]: Loading Collective version 8.13.
[03:04:48] [main/INFO]: Detected Java version 17. Enabling Java 16 features.
[03:04:48] [main/INFO]: [EssentialCommands]: Mod Load Initiated.
[03:04:49] [main/INFO]: [EssentialCommands]: Mod Load Complete.
[03:04:49] [main/ERROR]: No data fixer registered for target_minecart
[03:04:49] [main/INFO]: Registered synced data key tacz:shoot_cool_down for minecraft:living_entity
[03:04:49] [main/INFO]: Registered synced data key tacz:melee_cool_down for minecraft:living_entity
[03:04:49] [main/INFO]: Registered synced data key tacz:reload_state for minecraft:living_entity
[03:04:49] [main/INFO]: Registered synced data key tacz:aiming_progress for minecraft:living_entity
[03:04:49] [main/INFO]: Registered synced data key tacz:draw_cool_down for minecraft:living_entity
[03:04:49] [main/INFO]: Registered synced data key tacz:is_aiming for minecraft:living_entity
[03:04:49] [main/INFO]: Registered synced data key tacz:sprint_time for minecraft:living_entity
[03:04:49] [main/INFO]: Registered synced data key tacz:bolt_cool_down for minecraft:living_entity
[03:04:49] [ForkJoinPool.commonPool-worker-1/INFO]: A new version of Essential Commands is available. Current: '0.35.3-mc1.20.1' Latest: '0.38.5-mc1.21.8
'. Get the new version at https://modrinth.com/mod/essential-commands
[03:04:50] [main/ERROR]: No data fixer registered for 
[03:04:50] [main/INFO]: Registered the FluidEffect with Unique ID of minecraft:water for Water (Fluid Amount Required: 81000) with the ID 0
[03:04:50] [main/INFO]: Registered the FluidEffect with Unique ID of minecraft:lava for Lava (Fluid Amount Required: 81000) with the ID 1
[03:04:50] [main/INFO]: Registered the FluidEffect with Unique ID of travelersbackpack:potion for block.travelersbackpack.potion_still (Fluid Amount Required: 27000) with the ID 2
[03:04:50] [main/INFO]: Registered the FluidEffect with Unique ID of milk:still_milk for Air (Fluid Amount Required: 81000) with the ID 3
[03:04:50] [Version Check/INFO]: [usefulbackpacks] Starting version check at https://api.u-team.info/update/usefulbackpacks_fabric.json
[03:04:50] [main/INFO]: Environment: authHost='https://authserver.mojang.com', accountsHost='https://api.mojang.com', sessionHost='https://sessionserver.mojang.com', servicesHost='https://api.minecraftservices.com', name='PROD'
[03:04:50] [Version Check/INFO]: [usefulbackpacks] Found status: OUTDATED Current: ${version} Target: 2.0.1.124
[03:04:50] [Version Check/INFO]: [uteamcore] Starting version check at https://api.u-team.info/update/uteamcore_fabric.json
[03:04:50] [Version Check/INFO]: [uteamcore] Found status: UP_TO_DATE Current: 5.1.4.382 Target: null
[03:04:52] [main/INFO]: Loaded 8 recipes
[03:04:53] [main/INFO]: Loaded 1438 advancements
[03:04:53] [main/INFO]: Applied 63 biome modifications to 63 of 64 new biomes in 12.36 ms
[03:04:53] [Server thread/INFO]: [EssentialCommands]: Saving world_data.dat (Spawn/Warps)...
[03:04:53] [Server thread/INFO]: [EssentialCommands]: world_data.dat saved.
[03:04:53] [Server thread/INFO]: Created rules file at path: ./config/essentialcommands/rules.txt
[03:04:53] [Server thread/INFO]: Starting minecraft server version 1.20.1
[03:04:53] [Server thread/INFO]: Loading properties
[03:04:53] [Server thread/INFO]: Default game type: SURVIVAL
[03:04:53] [Server thread/INFO]: Generating keypair
[03:04:53] [Server thread/INFO]: Starting Minecraft server on *:25565
[03:04:53] [Server thread/INFO]: Using epoll channel type
[03:04:54] [Server thread/WARN]: **** SERVER IS RUNNING IN OFFLINE/INSECURE MODE!
[03:04:54] [Server thread/WARN]: The server will make no attempt to authenticate usernames. Beware.
[03:04:54] [Server thread/WARN]: While this makes the game possible to play without internet access, it also opens up the ability for hackers to connect with any username they choose.
[03:04:54] [Server thread/WARN]: To change this, set "online-mode" to "true" in the server.properties file.
[03:04:54] [Server thread/INFO]: Preparing level "world"
[03:04:56] [Server thread/INFO]: Preparing start region for dimension minecraft:overworld
[03:05:00] [Worker-Main-2/INFO]: Preparing spawn area: 0%
[03:05:00] [Worker-Main-2/INFO]: Preparing spawn area: 0%
[03:05:00] [Worker-Main-2/INFO]: Preparing spawn area: 0%
[03:05:00] [Worker-Main-2/INFO]: Preparing spawn area: 0%
[03:05:00] [Worker-Main-1/INFO]: Preparing spawn area: 0%
[03:05:00] [Worker-Main-3/INFO]: Preparing spawn area: 0%
[03:05:00] [Worker-Main-1/INFO]: Preparing spawn area: 0%
[03:05:00] [Worker-Main-1/INFO]: Preparing spawn area: 0%
[03:05:00] [Worker-Main-3/INFO]: Preparing spawn area: 0%
[03:05:01] [Worker-Main-2/INFO]: Preparing spawn area: 0%
[03:05:01] [Worker-Main-2/INFO]: Preparing spawn area: 7%
[03:05:02] [Worker-Main-1/INFO]: Preparing spawn area: 83%
[03:05:02] [Server thread/INFO]: Time elapsed: 5702 ms
[03:05:02] [Server thread/INFO]: Done (8.601s)! For help, type "help"
[03:05:02] [Server thread/INFO]: A new version of Essential Commands is available. Current: '0.35.3-mc1.20.1' Latest: '0.38.5-mc1.21.8
'. Get the new version at https://modrinth.com/mod/essential-commands
[03:05:02] [Server thread/INFO]: Possible world ids: minecraft:overworld,minecraft:the_end,minecraft:the_nether
[03:05:02] [Server thread/INFO]: Configured `rtp_enabled_worlds` world ids: minecraft:overworld
[03:05:02] [Server thread/INFO]: All configured `rtp_enabled_worlds` world ids are valid.
[03:05:05] [Server thread/INFO]: Narutouz201107[/127.97.130.171:46057] logged in with entity id 92 at (174.11237897066877, 70.0, 235.58184773019468)
[03:05:05] [Server thread/INFO]: Loading config from file...
[03:05:05] [Server thread/INFO]: [Essential Commands] Loading PlayerData for player with uuid 'bf672c44-8162-3596-925c-db4621d87093'.
[03:05:05] [Server thread/INFO]: Narutouz201107 joined the game
[03:05:05] [Server thread/INFO]: [Essential Commands] Loading PlayerProfile for player with uuid 'bf672c44-8162-3596-925c-db4621d87093'.
[03:05:33] [Server thread/INFO]: kvkhris[/127.147.108.66:46395] logged in with entity id 322 at (441.1858621713241, 76.0, 289.52446341835076)
[03:05:33] [Server thread/INFO]: Loading config from file...
[03:05:33] [Server thread/INFO]: [Essential Commands] Loading PlayerData for player with uuid '14751d62-2f6a-3756-818d-82dd31deb790'.
[03:05:33] [Server thread/INFO]: kvkhris joined the game
[03:05:33] [Server thread/INFO]: [Essential Commands] Loading PlayerProfile for player with uuid '14751d62-2f6a-3756-818d-82dd31deb790'.
[03:06:02] [Server thread/INFO]: [Narutouz201107: Teleported kvkhris to Narutouz201107]
[03:06:03] [Server thread/INFO]: Narutouz201107 was slain by kvkhris
[03:06:14] [Server thread/INFO]: [Narutouz201107: Teleported Narutouz201107 to kvkhris]
[03:07:46] [Server thread/INFO]: [Not Secure] <Narutouz201107> ya te di los materiales
[03:08:50] [Server thread/INFO]: [Not Secure] <Narutouz201107> rojo pero mas oscuro
[03:09:18] [Server thread/INFO]: [Not Secure] <Narutouz201107> pero había un mod que te lo colgaba en la espalda y te ponia mas grande el inventario
[03:09:58] [Server thread/INFO]: [Not Secure] <Narutouz201107> no tengo
[03:10:40] [Server thread/INFO]: kvkhris has made the advancement [Monster Hunter]
[03:10:59] [Server thread/INFO]: Narutouz201107 was shot by Skeleton
[03:11:07] [Server thread/INFO]: [Narutouz201107: Teleported Narutouz201107 to kvkhris]
[03:11:38] [Server thread/INFO]: [Narutouz201107: Set own game mode to Creative Mode]
[03:11:56] [Server thread/INFO]: [Not Secure] <Narutouz201107> me mori y no consigo mis cosa
[03:13:12] [Server thread/INFO]: [Not Secure] <Narutouz201107> no la consigo
[03:13:28] [Server thread/INFO]: [Narutouz201107: Teleported kvkhris to Narutouz201107]
[03:14:31] [Server thread/INFO]: [Narutouz201107: Teleported Narutouz201107 to kvkhris]
[03:14:51] [Server thread/INFO]: [Narutouz201107: Set kvkhris's game mode to Creative Mode]
[03:16:26] [Server thread/INFO]: [Narutouz201107: Set kvkhris's game mode to Survival Mode]
[03:16:39] [Server thread/INFO]: [Narutouz201107: Gamerule keepInventory is now set to: true]
[03:16:43] [Server thread/INFO]: kvkhris was shot by Narutouz201107
[03:17:11] [Server thread/INFO]: [Narutouz201107: Teleported kvkhris to Narutouz201107]
[03:17:23] [Server thread/INFO]: [Not Secure] <Narutouz201107> si
[03:17:29] [Server thread/INFO]: [Not Secure] <Narutouz201107> pero lo estoy probando
[03:18:08] [Server thread/INFO]: kvkhris was shot by Narutouz201107
[03:18:14] [Server thread/INFO]: [Narutouz201107: Teleported kvkhris to Narutouz201107]
[03:18:18] [Server thread/INFO]: [Not Secure] <Narutouz201107> bueno ya
[03:18:24] [Server thread/INFO]: [Narutouz201107: Set own game mode to Survival Mode]
[03:19:27] [Server thread/INFO]: [Not Secure] <Narutouz201107> si puedo hablar pero despues se despiertan
[03:21:05] [Server thread/INFO]: [Narutouz201107: Teleported Narutouz201107 to kvkhris]
[03:21:48] [Server thread/INFO]: Narutouz201107 has made the advancement [Acquire Hardware]
[03:21:57] [Server thread/INFO]: Narutouz201107 has made the advancement [Isn't It Iron Pick]
[03:22:13] [Server thread/INFO]: [Not Secure] <Narutouz201107> -5224564841612484725
[03:26:08] [Server thread/INFO]: [Narutouz201107: Teleported Narutouz201107 to kvkhris]
[03:27:03] [Server thread/INFO]: [Narutouz201107: Teleported Narutouz201107 to kvkhris]
[03:27:13] [Server thread/INFO]: [Not Secure] <Narutouz201107> vamos a hacer waterdrop
[03:27:30] [Server thread/INFO]: [Not Secure] <kvkhris> no tengo cubo de agua xD
[03:27:46] [Server thread/INFO]: [Not Secure] <Narutouz201107> te presto el mio
[03:27:51] [Server thread/INFO]: [Not Secure] <kvkhris> dale ps
[03:28:09] [Server thread/INFO]: [Not Secure] <Narutouz201107> primero yo
[03:28:13] [Server thread/INFO]: [Narutouz201107: Teleported Narutouz201107 to kvkhris]
[03:28:23] [Server thread/INFO]: Narutouz201107 has made the advancement [Tactical Fishing]
[03:28:35] [Server thread/INFO]: [Not Secure] <kvkhris> pesca tactica
[03:29:09] [Server thread/INFO]: Narutouz201107 has made the advancement [Ice Bucket Challenge]
[03:29:25] [Server thread/INFO]: [Not Secure] <Narutouz201107> hay un portal en ruinas
[03:33:04] [Server thread/INFO]: kvkhris has made the advancement [Acquire Hardware]
[03:33:52] [Server thread/INFO]: Narutouz201107 has made the advancement [Sweet Dreams]
[03:34:10] [Server thread/INFO]: kvkhris has made the advancement [Sweet Dreams]
[03:34:53] [Server thread/INFO]: [Not Secure] <Narutouz201107> vamos a ponerle mod de sexo
[03:44:08] [Server thread/INFO]: kvkhris has made the advancement [Diamonds!]
[03:44:43] [Server thread/INFO]: [Narutouz201107: Stopping the server]
[03:44:43] [Server thread/INFO]: Stopping server
[03:44:43] [Server thread/INFO]: Saving players
[03:44:43] [Server thread/INFO]: Saving worlds
[03:44:44] [Server thread/INFO]: Saving chunks for level 'ServerLevel[Mundo nuevo]'/minecraft:overworld
[03:44:47] [Server thread/INFO]: Saving chunks for level 'ServerLevel[Mundo nuevo]'/minecraft:the_nether
[03:44:47] [Server thread/INFO]: Saving chunks for level 'ServerLevel[Mundo nuevo]'/minecraft:the_end
[03:44:47] [Server thread/INFO]: ThreadedAnvilChunkStorage (world): All chunks are saved
[03:44:47] [Server thread/INFO]: ThreadedAnvilChunkStorage (DIM-1): All chunks are saved
[03:44:47] [Server thread/INFO]: ThreadedAnvilChunkStorage (DIM1): All chunks are saved
[03:44:47] [Server thread/INFO]: ThreadedAnvilChunkStorage: All dimensions are saved
